<?xml version="1.0" encoding="UTF-8"?>
<testng-results skipped="0" failed="0" ignored="0" total="1" passed="1">
  <reporter-output>
  </reporter-output>
  <suite name="Default suite" duration-ms="124" started-at="2019-08-03T11:00:54Z" finished-at="2019-08-03T11:00:54Z">
    <groups>
    </groups>
    <test name="Default test" duration-ms="124" started-at="2019-08-03T11:00:54Z" finished-at="2019-08-03T11:00:54Z">
      <class name="com.org.learningMaven.HelloWorldTest">
        <test-method status="PASS" signature="Login()[pri:0, instance:com.org.learningMaven.HelloWorldTest@32d2fa64]" name="Login" duration-ms="37" started-at="2019-08-03T11:00:54Z" finished-at="2019-08-03T11:00:54Z">
          <reporter-output>
          </reporter-output>
        </test-method> <!-- Login -->
      </class> <!-- com.org.learningMaven.HelloWorldTest -->
    </test> <!-- Default test -->
  </suite> <!-- Default suite -->
</testng-results>
